<?xml version="1.0" encoding="UTF-8"?>
<!-- Generated by org.testng.reporters.JUnitReportReporter -->
<testsuite hostname="LAPTOP-8VCSLMPL" failures="0" tests="1" name="class1" time="5.788" errors="0" timestamp="2025-07-16T23:17:55 IST" skipped="0">
  <testcase classname="class1" name="test_method1" time="5.788"/>
</testsuite> <!-- class1 -->
