<?xml version="1.0" encoding="UTF-8"?>
<!-- Generated by org.testng.reporters.JUnitReportReporter -->
<testsuite hostname="LAPTOP-8VCSLMPL" failures="0" tests="1" name="class2" time="5.829" errors="0" timestamp="2025-07-17T23:28:30 IST" skipped="0">
  <testcase classname="class2" name="test_method1" time="5.829"/>
</testsuite> <!-- class2 -->
